<?xml version="1.0" encoding="UTF-8"?>
<coverage generated="1699871268165" clover="3.2.0">
  <project timestamp="1699871268165" name="All files">
    <metrics statements="14" coveredstatements="13" conditionals="8" coveredconditionals="7" methods="6" coveredmethods="6" elements="28" coveredelements="26" complexity="0" loc="14" ncloc="14" packages="1" files="1" classes="1"/>
    <file name="Calculator.js" path="E:\BSTU\3_course\1term\SoftwareTesting\Lab7\Calculator.js">
      <metrics statements="14" coveredstatements="13" conditionals="8" coveredconditionals="7" methods="6" coveredmethods="6"/>
      <line num="4" count="4" type="stmt"/>
      <line num="5" count="1" type="stmt"/>
      <line num="9" count="2" type="stmt"/>
      <line num="10" count="2" type="stmt"/>
      <line num="14" count="1" type="stmt"/>
      <line num="15" count="1" type="stmt"/>
      <line num="19" count="3" type="stmt"/>
      <line num="20" count="2" type="stmt"/>
      <line num="21" count="2" type="stmt"/>
      <line num="25" count="10" type="cond" truecount="6" falsecount="0"/>
      <line num="26" count="4" type="stmt"/>
      <line num="31" count="2" type="cond" truecount="1" falsecount="1"/>
      <line num="32" count="0" type="stmt"/>
      <line num="37" count="1" type="stmt"/>
    </file>
  </project>
</coverage>
