<?xml version="1.0" encoding="UTF-8"?>
<coverage generated="1700543947249" clover="3.2.0">
  <project timestamp="1700543947250" name="All files">
    <metrics statements="24" coveredstatements="24" conditionals="12" coveredconditionals="12" methods="11" coveredmethods="11" elements="47" coveredelements="47" complexity="0" loc="24" ncloc="24" packages="1" files="1" classes="1"/>
    <file name="Calculator.js" path="E:\BSTU\3_course\1term\SoftwareTesting\Lab7\Calculator.js">
      <metrics statements="24" coveredstatements="24" conditionals="12" coveredconditionals="12" methods="11" coveredmethods="11"/>
      <line num="4" count="2" type="stmt"/>
      <line num="5" count="1" type="stmt"/>
      <line num="9" count="3" type="stmt"/>
      <line num="10" count="2" type="stmt"/>
      <line num="14" count="1" type="stmt"/>
      <line num="15" count="1" type="stmt"/>
      <line num="19" count="4" type="stmt"/>
      <line num="20" count="3" type="stmt"/>
      <line num="21" count="2" type="stmt"/>
      <line num="25" count="3" type="stmt"/>
      <line num="29" count="2" type="stmt"/>
      <line num="33" count="1" type="stmt"/>
      <line num="37" count="1" type="stmt"/>
      <line num="38" count="1" type="stmt"/>
      <line num="42" count="3" type="cond" truecount="2" falsecount="0"/>
      <line num="43" count="1" type="stmt"/>
      <line num="46" count="2" type="cond" truecount="2" falsecount="0"/>
      <line num="47" count="1" type="stmt"/>
      <line num="50" count="1" type="stmt"/>
      <line num="54" count="10" type="cond" truecount="6" falsecount="0"/>
      <line num="55" count="3" type="stmt"/>
      <line num="60" count="4" type="cond" truecount="2" falsecount="0"/>
      <line num="61" count="1" type="stmt"/>
      <line num="66" count="1" type="stmt"/>
    </file>
  </project>
</coverage>
