TN:
SF:Calculator.js
FN:3,(anonymous_0)
FN:8,(anonymous_1)
FN:13,(anonymous_2)
FN:18,(anonymous_3)
FN:24,(anonymous_4)
FN:28,(anonymous_5)
FN:32,(anonymous_6)
FN:36,(anonymous_7)
FN:41,(anonymous_8)
FN:53,(anonymous_9)
FN:59,(anonymous_10)
FNF:11
FNH:11
FNDA:2,(anonymous_0)
FNDA:3,(anonymous_1)
FNDA:1,(anonymous_2)
FNDA:4,(anonymous_3)
FNDA:3,(anonymous_4)
FNDA:2,(anonymous_5)
FNDA:1,(anonymous_6)
FNDA:1,(anonymous_7)
FNDA:3,(anonymous_8)
FNDA:10,(anonymous_9)
FNDA:4,(anonymous_10)
DA:4,2
DA:5,1
DA:9,3
DA:10,2
DA:14,1
DA:15,1
DA:19,4
DA:20,3
DA:21,2
DA:25,3
DA:29,2
DA:33,1
DA:37,1
DA:38,1
DA:42,3
DA:43,1
DA:46,2
DA:47,1
DA:50,1
DA:54,10
DA:55,3
DA:60,4
DA:61,1
DA:66,1
LF:24
LH:24
BRDA:42,0,0,1
BRDA:42,0,1,2
BRDA:46,1,0,1
BRDA:46,1,1,1
BRDA:54,2,0,3
BRDA:54,2,1,7
BRDA:54,3,0,10
BRDA:54,3,1,9
BRDA:54,3,2,8
BRDA:54,3,3,8
BRDA:60,4,0,1
BRDA:60,4,1,3
BRF:12
BRH:12
end_of_record
