TN:
SF:Calculator.js
FN:3,(anonymous_0)
FN:8,(anonymous_1)
FN:13,(anonymous_2)
FN:18,(anonymous_3)
FN:24,(anonymous_4)
FN:30,(anonymous_5)
FNF:6
FNH:6
FNDA:4,(anonymous_0)
FNDA:2,(anonymous_1)
FNDA:1,(anonymous_2)
FNDA:3,(anonymous_3)
FNDA:10,(anonymous_4)
FNDA:2,(anonymous_5)
DA:4,4
DA:5,1
DA:9,2
DA:10,2
DA:14,1
DA:15,1
DA:19,3
DA:20,2
DA:21,2
DA:25,10
DA:26,4
DA:31,2
DA:32,0
DA:37,1
LF:14
LH:13
BRDA:25,0,0,4
BRDA:25,0,1,6
BRDA:25,1,0,10
BRDA:25,1,1,8
BRDA:25,1,2,7
BRDA:25,1,3,7
BRDA:31,2,0,0
BRDA:31,2,1,2
BRF:8
BRH:7
end_of_record
